Using pre-set license
Built from '2020.3/staging' branch; Version is '2020.3.3f1 (76626098c1c4) revision 7758432'; Using compiler version '192528614'; Build Type 'Release'
OS: 'Windows 10 Enterprise; OS build 18363.1500; Version 1909; 64bit' Language: 'en' Physical Memory: 16334 MB
BatchMode: 1, IsHumanControllingUs: 0, StartBugReporterOnCrash: 0, Is64bit: 1, IsPro: 0

 COMMAND LINE ARGUMENTS:
D:\UnityEditor\2020.3.3f1\Editor\Unity.exe
-adb2
-batchMode
-noUpm
-name
AssetImportWorker0
-projectPath
F:/Unity Projects/BarziePhotonAdventures
-logFile
Logs/AssetImportWorker0.log
-srvPort
60453
Successfully changed project path to: F:/Unity Projects/BarziePhotonAdventures
F:/Unity Projects/BarziePhotonAdventures
Using Asset Import Pipeline V2.
Refreshing native plugins compatible for Editor in 41.75 ms, found 0 plugins.
Preloading 0 native plugins for Editor in 0.00 ms.
Initialize engine version: 2020.3.3f1 (76626098c1c4)
[Subsystems] Discovering subsystems at path D:/UnityEditor/2020.3.3f1/Editor/Data/Resources/UnitySubsystems
[Subsystems] Discovering subsystems at path F:/Unity Projects/BarziePhotonAdventures/Assets
GfxDevice: creating device client; threaded=0
Direct3D:
    Version:  Direct3D 11.0 [level 11.1]
    Renderer: NVIDIA GeForce GTX 1060 6GB (ID=0x1c03)
    Vendor:   
    VRAM:     6052 MB
    Driver:   27.21.14.6611
Initialize mono
Mono path[0] = 'D:/UnityEditor/2020.3.3f1/Editor/Data/Managed'
Mono path[1] = 'D:/UnityEditor/2020.3.3f1/Editor/Data/MonoBleedingEdge/lib/mono/unityjit'
Mono config path = 'D:/UnityEditor/2020.3.3f1/Editor/Data/MonoBleedingEdge/etc'
Using monoOptions --debugger-agent=transport=dt_socket,embedding=1,server=y,suspend=n,address=127.0.0.1:56040
Begin MonoManager ReloadAssembly
Registering precompiled unity dll's ...
Register platform support module: D:/UnityEditor/2020.3.3f1/Editor/Data/PlaybackEngines/WindowsStandaloneSupport/UnityEditor.WindowsStandalone.Extensions.dll
Registered in 0.001009 seconds.
Native extension for WindowsStandalone target not found
Refreshing native plugins compatible for Editor in 43.09 ms, found 0 plugins.
Preloading 0 native plugins for Editor in 0.00 ms.
Invoked RoslynAnalysisRunner static constructor.
RoslynAnalysisRunner will not be running.
RoslynAnalysisRunner has terminated.
Mono: successfully reloaded assembly
- Completed reload, in  1.771 seconds
Platform modules already initialized, skipping
Registering precompiled user dll's ...
Registered in 0.001498 seconds.
Begin MonoManager ReloadAssembly
Native extension for WindowsStandalone target not found
Refreshing native plugins compatible for Editor in 44.01 ms, found 0 plugins.
Preloading 0 native plugins for Editor in 0.00 ms.
Invoked RoslynAnalysisRunner static constructor.
RoslynAnalysisRunner will not be running.
RoslynAnalysisRunner has terminated.
Mono: successfully reloaded assembly
- Completed reload, in  0.809 seconds
Platform modules already initialized, skipping
========================================================================
Worker process is ready to serve import requests
Shader 'Universal Render Pipeline/Particles/Lit': fallback shader 'Universal Render Pipeline/Particles/SimpleLit' not found
Shader 'Universal Render Pipeline/Particles/Lit': fallback shader 'Universal Render Pipeline/Particles/SimpleLit' not found
Launched and connected shader compiler UnityShaderCompiler.exe after 0.03 seconds
Refreshing native plugins compatible for Editor in 0.44 ms, found 0 plugins.
Preloading 0 native plugins for Editor in 0.00 ms.
Unloading 2643 Unused Serialized files (Serialized files now loaded: 0)
System memory in use before: 120.9 MB.
System memory in use after: 118.1 MB.

Unloading 51 unused Assets to reduce memory usage. Loaded Objects now: 3046.
Total: 3.246400 ms (FindLiveObjects: 0.277600 ms CreateObjectMapping: 0.068000 ms MarkObjects: 1.839400 ms  DeleteObjects: 1.060100 ms)

========================================================================
Received Import Request.
  path: Assets/Scenes/Launcher.unity
  artifactKey: Guid(ca378c74bd1cffb47951aa391a95bc80) Importer(815301076,1909f56bfc062723c751e8b465ee728b)
Start importing Assets/Scenes/Launcher.unity using Guid(ca378c74bd1cffb47951aa391a95bc80) Importer(815301076,1909f56bfc062723c751e8b465ee728b)  -> (artifact id: '1e2607ac485d84ebec3ddcaa82932fad') in 0.010988 seconds
  Import took 0.014544 seconds .

========================================================================
Received Import Request.
  Time since last request: 10.649501 seconds.
  path: Assets/Scripts
  artifactKey: Guid(02a3527b6b33a924e8ec66aa805ea717) Importer(815301076,1909f56bfc062723c751e8b465ee728b)
Start importing Assets/Scripts using Guid(02a3527b6b33a924e8ec66aa805ea717) Importer(815301076,1909f56bfc062723c751e8b465ee728b)  -> (artifact id: '2b3986d02df66bcc96afd7c71be4242e') in 0.004984 seconds
  Import took 0.008521 seconds .

========================================================================
Received Import Request.
  Time since last request: 10.509492 seconds.
  path: Assets/Scripts/Launcher.cs
  artifactKey: Guid(64b4c54e5790dde46ab5080ca0e79b4a) Importer(815301076,1909f56bfc062723c751e8b465ee728b)
Start importing Assets/Scripts/Launcher.cs using Guid(64b4c54e5790dde46ab5080ca0e79b4a) Importer(815301076,1909f56bfc062723c751e8b465ee728b)  -> (artifact id: 'ae13a05e3603d764240a9e8d1167095b') in 0.026329 seconds
  Import took 0.030757 seconds .

========================================================================
Received Prepare
Registering precompiled user dll's ...
Registered in 0.002237 seconds.
Begin MonoManager ReloadAssembly
Native extension for WindowsStandalone target not found
Refreshing native plugins compatible for Editor in 0.52 ms, found 0 plugins.
Preloading 0 native plugins for Editor in 0.00 ms.
Invoked RoslynAnalysisRunner static constructor.
RoslynAnalysisRunner will not be running.
RoslynAnalysisRunner has terminated.
Mono: successfully reloaded assembly
- Completed reload, in  1.183 seconds
Platform modules already initialized, skipping
Shader 'Universal Render Pipeline/Particles/Lit': fallback shader 'Universal Render Pipeline/Particles/SimpleLit' not found
Shader 'Universal Render Pipeline/Particles/Lit': fallback shader 'Universal Render Pipeline/Particles/SimpleLit' not found
Refreshing native plugins compatible for Editor in 0.57 ms, found 0 plugins.
Preloading 0 native plugins for Editor in 0.00 ms.
Unloading 2568 Unused Serialized files (Serialized files now loaded: 0)
System memory in use before: 117.3 MB.
System memory in use after: 114.5 MB.

Unloading 45 unused Assets to reduce memory usage. Loaded Objects now: 3051.
Total: 3.167400 ms (FindLiveObjects: 0.392300 ms CreateObjectMapping: 0.073800 ms MarkObjects: 1.512900 ms  DeleteObjects: 1.186900 ms)

========================================================================
Received Prepare
Registering precompiled user dll's ...
Registered in 0.001691 seconds.
Begin MonoManager ReloadAssembly
Native extension for WindowsStandalone target not found
Refreshing native plugins compatible for Editor in 0.43 ms, found 0 plugins.
Preloading 0 native plugins for Editor in 0.00 ms.
Invoked RoslynAnalysisRunner static constructor.
RoslynAnalysisRunner will not be running.
RoslynAnalysisRunner has terminated.
Mono: successfully reloaded assembly
- Completed reload, in  0.747 seconds
Platform modules already initialized, skipping
Shader 'Universal Render Pipeline/Particles/Lit': fallback shader 'Universal Render Pipeline/Particles/SimpleLit' not found
Shader 'Universal Render Pipeline/Particles/Lit': fallback shader 'Universal Render Pipeline/Particles/SimpleLit' not found
Refreshing native plugins compatible for Editor in 0.52 ms, found 0 plugins.
Preloading 0 native plugins for Editor in 0.00 ms.
Unloading 2568 Unused Serialized files (Serialized files now loaded: 0)
System memory in use before: 117.3 MB.
System memory in use after: 114.6 MB.

Unloading 45 unused Assets to reduce memory usage. Loaded Objects now: 3055.
Total: 3.335000 ms (FindLiveObjects: 0.244700 ms CreateObjectMapping: 0.065500 ms MarkObjects: 1.807100 ms  DeleteObjects: 1.216500 ms)

========================================================================
Received Prepare
Registering precompiled user dll's ...
Registered in 0.001898 seconds.
Begin MonoManager ReloadAssembly
Native extension for WindowsStandalone target not found
Refreshing native plugins compatible for Editor in 0.45 ms, found 0 plugins.
Preloading 0 native plugins for Editor in 0.00 ms.
Invoked RoslynAnalysisRunner static constructor.
RoslynAnalysisRunner will not be running.
RoslynAnalysisRunner has terminated.
Mono: successfully reloaded assembly
- Completed reload, in  0.757 seconds
Platform modules already initialized, skipping
Shader 'Universal Render Pipeline/Particles/Lit': fallback shader 'Universal Render Pipeline/Particles/SimpleLit' not found
Shader 'Universal Render Pipeline/Particles/Lit': fallback shader 'Universal Render Pipeline/Particles/SimpleLit' not found
Refreshing native plugins compatible for Editor in 0.58 ms, found 0 plugins.
Preloading 0 native plugins for Editor in 0.00 ms.
Unloading 2568 Unused Serialized files (Serialized files now loaded: 0)
System memory in use before: 117.3 MB.
System memory in use after: 114.6 MB.

Unloading 45 unused Assets to reduce memory usage. Loaded Objects now: 3059.
Total: 3.386300 ms (FindLiveObjects: 0.267600 ms CreateObjectMapping: 0.067100 ms MarkObjects: 1.552500 ms  DeleteObjects: 1.498000 ms)

========================================================================
Received Prepare
Registering precompiled user dll's ...
Registered in 0.001811 seconds.
Begin MonoManager ReloadAssembly
Native extension for WindowsStandalone target not found
Refreshing native plugins compatible for Editor in 0.47 ms, found 0 plugins.
Preloading 0 native plugins for Editor in 0.00 ms.
Invoked RoslynAnalysisRunner static constructor.
RoslynAnalysisRunner will not be running.
RoslynAnalysisRunner has terminated.
Mono: successfully reloaded assembly
- Completed reload, in  0.805 seconds
Platform modules already initialized, skipping
Shader 'Universal Render Pipeline/Particles/Lit': fallback shader 'Universal Render Pipeline/Particles/SimpleLit' not found
Shader 'Universal Render Pipeline/Particles/Lit': fallback shader 'Universal Render Pipeline/Particles/SimpleLit' not found
Refreshing native plugins compatible for Editor in 0.47 ms, found 0 plugins.
Preloading 0 native plugins for Editor in 0.00 ms.
Unloading 2568 Unused Serialized files (Serialized files now loaded: 0)
System memory in use before: 117.4 MB.
System memory in use after: 114.6 MB.

Unloading 45 unused Assets to reduce memory usage. Loaded Objects now: 3063.
Total: 3.239500 ms (FindLiveObjects: 0.264400 ms CreateObjectMapping: 0.066000 ms MarkObjects: 1.493500 ms  DeleteObjects: 1.414700 ms)

========================================================================
Received Prepare
Registering precompiled user dll's ...
Registered in 0.001716 seconds.
Begin MonoManager ReloadAssembly
Native extension for WindowsStandalone target not found
Refreshing native plugins compatible for Editor in 0.48 ms, found 0 plugins.
Preloading 0 native plugins for Editor in 0.00 ms.
Invoked RoslynAnalysisRunner static constructor.
RoslynAnalysisRunner will not be running.
RoslynAnalysisRunner has terminated.
Mono: successfully reloaded assembly
- Completed reload, in  0.725 seconds
Platform modules already initialized, skipping
Shader 'Universal Render Pipeline/Particles/Lit': fallback shader 'Universal Render Pipeline/Particles/SimpleLit' not found
Shader 'Universal Render Pipeline/Particles/Lit': fallback shader 'Universal Render Pipeline/Particles/SimpleLit' not found
Refreshing native plugins compatible for Editor in 0.45 ms, found 0 plugins.
Preloading 0 native plugins for Editor in 0.00 ms.
Unloading 2568 Unused Serialized files (Serialized files now loaded: 0)
System memory in use before: 117.4 MB.
System memory in use after: 114.6 MB.

Unloading 45 unused Assets to reduce memory usage. Loaded Objects now: 3067.
Total: 3.002200 ms (FindLiveObjects: 0.249800 ms CreateObjectMapping: 0.064400 ms MarkObjects: 1.433900 ms  DeleteObjects: 1.253300 ms)

========================================================================
Received Import Request.
  Time since last request: 5764.716337 seconds.
  path: Assets/ExampleAssets
  artifactKey: Guid(990f5c2df70993f4987a388ca178996a) Importer(815301076,1909f56bfc062723c751e8b465ee728b)
Start importing Assets/ExampleAssets using Guid(990f5c2df70993f4987a388ca178996a) Importer(815301076,1909f56bfc062723c751e8b465ee728b)  -> (artifact id: '079eb244b789510d79b8fabb748804c0') in 0.007777 seconds
  Import took 0.011618 seconds .

========================================================================
Received Import Request.
  Time since last request: 0.657179 seconds.
  path: Assets/Materials
  artifactKey: Guid(d0234ba368eeec9418390da711bfdad0) Importer(815301076,1909f56bfc062723c751e8b465ee728b)
Start importing Assets/Materials using Guid(d0234ba368eeec9418390da711bfdad0) Importer(815301076,1909f56bfc062723c751e8b465ee728b)  -> (artifact id: '0084e987169cdc8faf1529539b0e94e6') in 0.005135 seconds
  Import took 0.008684 seconds .

========================================================================
Received Import Request.
  Time since last request: 0.342582 seconds.
  path: Assets/Photon
  artifactKey: Guid(98951132346795f438babe7a3183da43) Importer(815301076,1909f56bfc062723c751e8b465ee728b)
Start importing Assets/Photon using Guid(98951132346795f438babe7a3183da43) Importer(815301076,1909f56bfc062723c751e8b465ee728b)  -> (artifact id: 'd38609b9364d9a9f3267d71f757610a7') in 0.004971 seconds
  Import took 0.008564 seconds .

========================================================================
Received Import Request.
  Time since last request: 2.258201 seconds.
  path: Assets/Photon/PhotonLibs
  artifactKey: Guid(ee1734b1a7bac244bb5f15ecd778b5f2) Importer(815301076,1909f56bfc062723c751e8b465ee728b)
Start importing Assets/Photon/PhotonLibs using Guid(ee1734b1a7bac244bb5f15ecd778b5f2) Importer(815301076,1909f56bfc062723c751e8b465ee728b)  -> (artifact id: '6f1eac5e5582409d6907926eb2f670ef') in 0.005064 seconds
  Import took 0.008929 seconds .

========================================================================
Received Import Request.
  Time since last request: 0.362383 seconds.
  path: Assets/Photon/PhotonRealtime
  artifactKey: Guid(b54c221855bde4a4ba511877e7b6b904) Importer(815301076,1909f56bfc062723c751e8b465ee728b)
Start importing Assets/Photon/PhotonRealtime using Guid(b54c221855bde4a4ba511877e7b6b904) Importer(815301076,1909f56bfc062723c751e8b465ee728b)  -> (artifact id: '353dd91ac7133116c7747532e4b9962e') in 0.004833 seconds
  Import took 0.008430 seconds .

========================================================================
Received Import Request.
  Time since last request: 0.781442 seconds.
  path: Assets/Photon/PhotonUnityNetworking
  artifactKey: Guid(d2b6672cc770a19438ff06fcb2637630) Importer(815301076,1909f56bfc062723c751e8b465ee728b)
Start importing Assets/Photon/PhotonUnityNetworking using Guid(d2b6672cc770a19438ff06fcb2637630) Importer(815301076,1909f56bfc062723c751e8b465ee728b)  -> (artifact id: '4d17bb851ad3e0dcb2a481d73a22133e') in 0.005153 seconds
  Import took 0.008848 seconds .

========================================================================
Received Import Request.
  Time since last request: 12.615127 seconds.
  path: Assets/Photon/PhotonUnityNetworking/UtilityScripts
  artifactKey: Guid(5c9485e879b69bf48bbc3ea64a71dbb2) Importer(815301076,1909f56bfc062723c751e8b465ee728b)
Start importing Assets/Photon/PhotonUnityNetworking/UtilityScripts using Guid(5c9485e879b69bf48bbc3ea64a71dbb2) Importer(815301076,1909f56bfc062723c751e8b465ee728b)  -> (artifact id: '8346003ac2abef0352e67178dfa8a3d1') in 0.004795 seconds
  Import took 0.008329 seconds .

========================================================================
Received Import Request.
  Time since last request: 0.412669 seconds.
  path: Assets/Photon/PhotonUnityNetworking/changelog.txt
  artifactKey: Guid(612a7d8fb44bb994d90d9c0fa1408703) Importer(815301076,1909f56bfc062723c751e8b465ee728b)
Start importing Assets/Photon/PhotonUnityNetworking/changelog.txt using Guid(612a7d8fb44bb994d90d9c0fa1408703) Importer(815301076,1909f56bfc062723c751e8b465ee728b)  -> (artifact id: '75075b280645fedb0bfbc169b749f8df') in 0.016125 seconds
  Import took 0.019656 seconds .

========================================================================
Received Import Request.
  Time since last request: 0.010660 seconds.
  path: Assets/Photon/PhotonUnityNetworking/changelog.txt
  artifactKey: Guid(612a7d8fb44bb994d90d9c0fa1408703) Importer(815301076,1909f56bfc062723c751e8b465ee728b)
Start importing Assets/Photon/PhotonUnityNetworking/changelog.txt using Guid(612a7d8fb44bb994d90d9c0fa1408703) Importer(815301076,1909f56bfc062723c751e8b465ee728b)  -> (artifact id: '75075b280645fedb0bfbc169b749f8df') in 0.001919 seconds
  Import took 0.005459 seconds .

========================================================================
Received Import Request.
  Time since last request: 0.316025 seconds.
  path: Assets/Photon/PhotonUnityNetworking/link.xml
  artifactKey: Guid(cecd4a32eba31cd4393c185e20824bfc) Importer(815301076,1909f56bfc062723c751e8b465ee728b)
Start importing Assets/Photon/PhotonUnityNetworking/link.xml using Guid(cecd4a32eba31cd4393c185e20824bfc) Importer(815301076,1909f56bfc062723c751e8b465ee728b)  -> (artifact id: 'ddad352abd78466ef2726a60117caf7a') in 0.012365 seconds
  Import took 0.016065 seconds .

========================================================================
Received Import Request.
  Time since last request: 0.329346 seconds.
  path: Assets/Photon/PhotonUnityNetworking/readme.txt
  artifactKey: Guid(d90864ccbf99d4a449c87472b0a181e8) Importer(815301076,1909f56bfc062723c751e8b465ee728b)
Start importing Assets/Photon/PhotonUnityNetworking/readme.txt using Guid(d90864ccbf99d4a449c87472b0a181e8) Importer(815301076,1909f56bfc062723c751e8b465ee728b)  -> (artifact id: '5f47f696aaae49a43bd66b32457002ec') in 0.005175 seconds
  Import took 0.008801 seconds .

========================================================================
Received Import Request.
  Time since last request: 0.049656 seconds.
  path: Assets/Photon/PhotonUnityNetworking/readme.txt
  artifactKey: Guid(d90864ccbf99d4a449c87472b0a181e8) Importer(815301076,1909f56bfc062723c751e8b465ee728b)
Start importing Assets/Photon/PhotonUnityNetworking/readme.txt using Guid(d90864ccbf99d4a449c87472b0a181e8) Importer(815301076,1909f56bfc062723c751e8b465ee728b)  -> (artifact id: '5f47f696aaae49a43bd66b32457002ec') in 0.001897 seconds
  Import took 0.005790 seconds .

========================================================================
Received Import Request.
  Time since last request: 0.975588 seconds.
  path: Assets/Photon/PhotonUnityNetworking/UtilityScripts/PhotonUnityNetworking.Utilities.asmdef
  artifactKey: Guid(a738238285a7a8246af046cbf977522f) Importer(815301076,1909f56bfc062723c751e8b465ee728b)
Start importing Assets/Photon/PhotonUnityNetworking/UtilityScripts/PhotonUnityNetworking.Utilities.asmdef using Guid(a738238285a7a8246af046cbf977522f) Importer(815301076,1909f56bfc062723c751e8b465ee728b)  -> (artifact id: '385776f07b487972970e46cd090d8c0b') in 0.006320 seconds
  Import took 0.009845 seconds .

========================================================================
Received Import Request.
  Time since last request: 0.003237 seconds.
  path: Assets/Photon/PhotonUnityNetworking/UtilityScripts/PhotonUnityNetworking.Utilities.asmdef
  artifactKey: Guid(a738238285a7a8246af046cbf977522f) Importer(815301076,1909f56bfc062723c751e8b465ee728b)
Start importing Assets/Photon/PhotonUnityNetworking/UtilityScripts/PhotonUnityNetworking.Utilities.asmdef using Guid(a738238285a7a8246af046cbf977522f) Importer(815301076,1909f56bfc062723c751e8b465ee728b)  -> (artifact id: '385776f07b487972970e46cd090d8c0b') in 0.001549 seconds
  Import took 0.004843 seconds .

========================================================================
Received Import Request.
  Time since last request: 0.158214 seconds.
  path: Assets/Photon/PhotonUnityNetworking/UtilityScripts/Prototyping
  artifactKey: Guid(e10fe700b1a744ec78575843923fe6d7) Importer(815301076,1909f56bfc062723c751e8b465ee728b)
Start importing Assets/Photon/PhotonUnityNetworking/UtilityScripts/Prototyping using Guid(e10fe700b1a744ec78575843923fe6d7) Importer(815301076,1909f56bfc062723c751e8b465ee728b)  -> (artifact id: '1100b1cfef7ecb77a6da7517b0e18e36') in 0.005334 seconds
  Import took 0.008803 seconds .

========================================================================
Received Import Request.
  Time since last request: 3.977398 seconds.
  path: Assets/Photon/PhotonUnityNetworking/UtilityScripts/Culling
  artifactKey: Guid(404d7999c3b78454798028d2efcb9336) Importer(815301076,1909f56bfc062723c751e8b465ee728b)
Start importing Assets/Photon/PhotonUnityNetworking/UtilityScripts/Culling using Guid(404d7999c3b78454798028d2efcb9336) Importer(815301076,1909f56bfc062723c751e8b465ee728b)  -> (artifact id: 'e2f9852ba6157e76269ffc3936e3cb01') in 0.005042 seconds
  Import took 0.008560 seconds .

========================================================================
Received Import Request.
  Time since last request: 25.296756 seconds.
  path: Assets/Photon/PhotonUnityNetworking/Resources/PhotonServerSettings.asset
  artifactKey: Guid(c152a0d0d0a9a1444a5bf779d92cc069) Importer(815301076,1909f56bfc062723c751e8b465ee728b)
Start importing Assets/Photon/PhotonUnityNetworking/Resources/PhotonServerSettings.asset using Guid(c152a0d0d0a9a1444a5bf779d92cc069) Importer(815301076,1909f56bfc062723c751e8b465ee728b)  -> (artifact id: 'c7b6591359dce16f72b3390be9bbb089') in 0.007835 seconds
  Import took 0.011333 seconds .

========================================================================
Received Prepare
Registering precompiled user dll's ...
Registered in 0.001847 seconds.
Begin MonoManager ReloadAssembly
Native extension for WindowsStandalone target not found
Refreshing native plugins compatible for Editor in 0.47 ms, found 0 plugins.
Preloading 0 native plugins for Editor in 0.00 ms.
Invoked RoslynAnalysisRunner static constructor.
RoslynAnalysisRunner will not be running.
RoslynAnalysisRunner has terminated.
Mono: successfully reloaded assembly
- Completed reload, in  0.754 seconds
Platform modules already initialized, skipping
Shader 'Universal Render Pipeline/Particles/Lit': fallback shader 'Universal Render Pipeline/Particles/SimpleLit' not found
Shader 'Universal Render Pipeline/Particles/Lit': fallback shader 'Universal Render Pipeline/Particles/SimpleLit' not found
Refreshing native plugins compatible for Editor in 0.61 ms, found 0 plugins.
Preloading 0 native plugins for Editor in 0.00 ms.
Unloading 2568 Unused Serialized files (Serialized files now loaded: 0)
System memory in use before: 117.4 MB.
System memory in use after: 114.7 MB.

Unloading 45 unused Assets to reduce memory usage. Loaded Objects now: 3071.
Total: 3.921500 ms (FindLiveObjects: 0.351700 ms CreateObjectMapping: 0.062500 ms MarkObjects: 1.942400 ms  DeleteObjects: 1.562700 ms)

========================================================================
Received Prepare
Registering precompiled user dll's ...
Registered in 0.001796 seconds.
Begin MonoManager ReloadAssembly
Native extension for WindowsStandalone target not found
Refreshing native plugins compatible for Editor in 0.46 ms, found 0 plugins.
Preloading 0 native plugins for Editor in 0.00 ms.
Invoked RoslynAnalysisRunner static constructor.
RoslynAnalysisRunner will not be running.
RoslynAnalysisRunner has terminated.
Mono: successfully reloaded assembly
- Completed reload, in  0.773 seconds
Platform modules already initialized, skipping
Shader 'Universal Render Pipeline/Particles/Lit': fallback shader 'Universal Render Pipeline/Particles/SimpleLit' not found
Shader 'Universal Render Pipeline/Particles/Lit': fallback shader 'Universal Render Pipeline/Particles/SimpleLit' not found
Refreshing native plugins compatible for Editor in 0.44 ms, found 0 plugins.
Preloading 0 native plugins for Editor in 0.00 ms.
Unloading 2568 Unused Serialized files (Serialized files now loaded: 0)
System memory in use before: 117.4 MB.
System memory in use after: 114.7 MB.

Unloading 45 unused Assets to reduce memory usage. Loaded Objects now: 3075.
Total: 3.056000 ms (FindLiveObjects: 0.204800 ms CreateObjectMapping: 0.065200 ms MarkObjects: 1.518700 ms  DeleteObjects: 1.266100 ms)

========================================================================
Received Prepare
Registering precompiled user dll's ...
Registered in 0.001691 seconds.
Begin MonoManager ReloadAssembly
Native extension for WindowsStandalone target not found
Refreshing native plugins compatible for Editor in 0.47 ms, found 0 plugins.
Preloading 0 native plugins for Editor in 0.00 ms.
Invoked RoslynAnalysisRunner static constructor.
RoslynAnalysisRunner will not be running.
RoslynAnalysisRunner has terminated.
Mono: successfully reloaded assembly
- Completed reload, in  0.722 seconds
Platform modules already initialized, skipping
Shader 'Universal Render Pipeline/Particles/Lit': fallback shader 'Universal Render Pipeline/Particles/SimpleLit' not found
Shader 'Universal Render Pipeline/Particles/Lit': fallback shader 'Universal Render Pipeline/Particles/SimpleLit' not found
Refreshing native plugins compatible for Editor in 0.44 ms, found 0 plugins.
Preloading 0 native plugins for Editor in 0.00 ms.
Unloading 2568 Unused Serialized files (Serialized files now loaded: 0)
System memory in use before: 117.4 MB.
System memory in use after: 114.7 MB.

Unloading 45 unused Assets to reduce memory usage. Loaded Objects now: 3079.
Total: 3.145200 ms (FindLiveObjects: 0.278700 ms CreateObjectMapping: 0.067100 ms MarkObjects: 1.473700 ms  DeleteObjects: 1.324600 ms)

========================================================================
Received Prepare
Registering precompiled user dll's ...
Registered in 0.001691 seconds.
Begin MonoManager ReloadAssembly
Native extension for WindowsStandalone target not found
Refreshing native plugins compatible for Editor in 0.47 ms, found 0 plugins.
Preloading 0 native plugins for Editor in 0.00 ms.
Invoked RoslynAnalysisRunner static constructor.
RoslynAnalysisRunner will not be running.
RoslynAnalysisRunner has terminated.
Mono: successfully reloaded assembly
- Completed reload, in  0.737 seconds
Platform modules already initialized, skipping
Shader 'Universal Render Pipeline/Particles/Lit': fallback shader 'Universal Render Pipeline/Particles/SimpleLit' not found
Shader 'Universal Render Pipeline/Particles/Lit': fallback shader 'Universal Render Pipeline/Particles/SimpleLit' not found
Refreshing native plugins compatible for Editor in 0.55 ms, found 0 plugins.
Preloading 0 native plugins for Editor in 0.00 ms.
Unloading 2568 Unused Serialized files (Serialized files now loaded: 0)
System memory in use before: 117.5 MB.
System memory in use after: 114.7 MB.

Unloading 45 unused Assets to reduce memory usage. Loaded Objects now: 3083.
Total: 3.023200 ms (FindLiveObjects: 0.222800 ms CreateObjectMapping: 0.067800 ms MarkObjects: 1.480700 ms  DeleteObjects: 1.251200 ms)

========================================================================
Received Prepare
Registering precompiled user dll's ...
Registered in 0.001769 seconds.
Begin MonoManager ReloadAssembly
Native extension for WindowsStandalone target not found
Refreshing native plugins compatible for Editor in 0.51 ms, found 0 plugins.
Preloading 0 native plugins for Editor in 0.00 ms.
Invoked RoslynAnalysisRunner static constructor.
RoslynAnalysisRunner will not be running.
RoslynAnalysisRunner has terminated.
Mono: successfully reloaded assembly
- Completed reload, in  0.790 seconds
Platform modules already initialized, skipping
Shader 'Universal Render Pipeline/Particles/Lit': fallback shader 'Universal Render Pipeline/Particles/SimpleLit' not found
Shader 'Universal Render Pipeline/Particles/Lit': fallback shader 'Universal Render Pipeline/Particles/SimpleLit' not found
Refreshing native plugins compatible for Editor in 0.50 ms, found 0 plugins.
Preloading 0 native plugins for Editor in 0.00 ms.
Unloading 2568 Unused Serialized files (Serialized files now loaded: 0)
System memory in use before: 117.5 MB.
System memory in use after: 114.7 MB.

Unloading 45 unused Assets to reduce memory usage. Loaded Objects now: 3087.
Total: 3.529700 ms (FindLiveObjects: 0.265800 ms CreateObjectMapping: 0.063900 ms MarkObjects: 1.695700 ms  DeleteObjects: 1.502900 ms)

========================================================================
Received Prepare
Registering precompiled user dll's ...
Registered in 0.001669 seconds.
Begin MonoManager ReloadAssembly
Native extension for WindowsStandalone target not found
Refreshing native plugins compatible for Editor in 0.48 ms, found 0 plugins.
Preloading 0 native plugins for Editor in 0.00 ms.
Invoked RoslynAnalysisRunner static constructor.
RoslynAnalysisRunner will not be running.
RoslynAnalysisRunner has terminated.
Mono: successfully reloaded assembly
- Completed reload, in  0.716 seconds
Platform modules already initialized, skipping
Shader 'Universal Render Pipeline/Particles/Lit': fallback shader 'Universal Render Pipeline/Particles/SimpleLit' not found
Shader 'Universal Render Pipeline/Particles/Lit': fallback shader 'Universal Render Pipeline/Particles/SimpleLit' not found
Refreshing native plugins compatible for Editor in 0.44 ms, found 0 plugins.
Preloading 0 native plugins for Editor in 0.00 ms.
Unloading 2568 Unused Serialized files (Serialized files now loaded: 0)
System memory in use before: 117.4 MB.
System memory in use after: 114.7 MB.

Unloading 45 unused Assets to reduce memory usage. Loaded Objects now: 3091.
Total: 3.011900 ms (FindLiveObjects: 0.235800 ms CreateObjectMapping: 0.064600 ms MarkObjects: 1.444000 ms  DeleteObjects: 1.266600 ms)

========================================================================
Received Import Request.
  Time since last request: 8827.745282 seconds.
  path: Assets/Photon/PhotonUnityNetworking/Resources/PhotonServerSettings.asset
  artifactKey: Guid(c152a0d0d0a9a1444a5bf779d92cc069) Importer(815301076,1909f56bfc062723c751e8b465ee728b)
Start importing Assets/Photon/PhotonUnityNetworking/Resources/PhotonServerSettings.asset using Guid(c152a0d0d0a9a1444a5bf779d92cc069) Importer(815301076,1909f56bfc062723c751e8b465ee728b)  -> (artifact id: 'ff54ac455f27cddff62c9b8d858f50e9') in 0.019176 seconds
  Import took 0.023964 seconds .

========================================================================
Received Prepare
Registering precompiled user dll's ...
Registered in 0.001801 seconds.
Begin MonoManager ReloadAssembly
Native extension for WindowsStandalone target not found
Refreshing native plugins compatible for Editor in 0.50 ms, found 0 plugins.
Preloading 0 native plugins for Editor in 0.00 ms.
Invoked RoslynAnalysisRunner static constructor.
RoslynAnalysisRunner will not be running.
RoslynAnalysisRunner has terminated.
Mono: successfully reloaded assembly
- Completed reload, in  0.729 seconds
Platform modules already initialized, skipping
Shader 'Universal Render Pipeline/Particles/Lit': fallback shader 'Universal Render Pipeline/Particles/SimpleLit' not found
Shader 'Universal Render Pipeline/Particles/Lit': fallback shader 'Universal Render Pipeline/Particles/SimpleLit' not found
Refreshing native plugins compatible for Editor in 0.49 ms, found 0 plugins.
Preloading 0 native plugins for Editor in 0.00 ms.
Unloading 2581 Unused Serialized files (Serialized files now loaded: 0)
System memory in use before: 119.4 MB.
System memory in use after: 116.1 MB.

Unloading 58 unused Assets to reduce memory usage. Loaded Objects now: 3095.
Total: 3.484100 ms (FindLiveObjects: 0.269300 ms CreateObjectMapping: 0.069200 ms MarkObjects: 1.606400 ms  DeleteObjects: 1.538500 ms)

========================================================================
Received Prepare
Registering precompiled user dll's ...
Registered in 0.001737 seconds.
Begin MonoManager ReloadAssembly
Native extension for WindowsStandalone target not found
Refreshing native plugins compatible for Editor in 0.46 ms, found 0 plugins.
Preloading 0 native plugins for Editor in 0.00 ms.
Invoked RoslynAnalysisRunner static constructor.
RoslynAnalysisRunner will not be running.
RoslynAnalysisRunner has terminated.
Mono: successfully reloaded assembly
- Completed reload, in  0.714 seconds
Platform modules already initialized, skipping
Shader 'Universal Render Pipeline/Particles/Lit': fallback shader 'Universal Render Pipeline/Particles/SimpleLit' not found
Shader 'Universal Render Pipeline/Particles/Lit': fallback shader 'Universal Render Pipeline/Particles/SimpleLit' not found
Refreshing native plugins compatible for Editor in 0.44 ms, found 0 plugins.
Preloading 0 native plugins for Editor in 0.00 ms.
Unloading 2581 Unused Serialized files (Serialized files now loaded: 0)
System memory in use before: 119.5 MB.
System memory in use after: 116.1 MB.

Unloading 58 unused Assets to reduce memory usage. Loaded Objects now: 3099.
Total: 3.245800 ms (FindLiveObjects: 0.224500 ms CreateObjectMapping: 0.065900 ms MarkObjects: 1.466300 ms  DeleteObjects: 1.487900 ms)

========================================================================
Received Import Request.
  Time since last request: 197.507984 seconds.
  path: Assets/Scripts/PlayerNameInputField.cs
  artifactKey: Guid(d0ce7c65beb9c134a97794cb7ea85ddd) Importer(815301076,1909f56bfc062723c751e8b465ee728b)
Start importing Assets/Scripts/PlayerNameInputField.cs using Guid(d0ce7c65beb9c134a97794cb7ea85ddd) Importer(815301076,1909f56bfc062723c751e8b465ee728b)  -> (artifact id: 'd1b30af0a174c3ad94478ef1c9bf5094') in 0.009659 seconds
  Import took 0.013483 seconds .

========================================================================
Received Prepare
Registering precompiled user dll's ...
Registered in 0.078065 seconds.
Begin MonoManager ReloadAssembly
Native extension for WindowsStandalone target not found
Refreshing native plugins compatible for Editor in 0.49 ms, found 0 plugins.
Preloading 0 native plugins for Editor in 0.00 ms.
Invoked RoslynAnalysisRunner static constructor.
RoslynAnalysisRunner will not be running.
RoslynAnalysisRunner has terminated.
Mono: successfully reloaded assembly
- Completed reload, in  0.751 seconds
Platform modules already initialized, skipping
Shader 'Universal Render Pipeline/Particles/Lit': fallback shader 'Universal Render Pipeline/Particles/SimpleLit' not found
Shader 'Universal Render Pipeline/Particles/Lit': fallback shader 'Universal Render Pipeline/Particles/SimpleLit' not found
Refreshing native plugins compatible for Editor in 0.47 ms, found 0 plugins.
Preloading 0 native plugins for Editor in 0.00 ms.
Unloading 2582 Unused Serialized files (Serialized files now loaded: 0)
System memory in use before: 119.5 MB.
System memory in use after: 116.1 MB.

Unloading 58 unused Assets to reduce memory usage. Loaded Objects now: 3104.
Total: 3.388900 ms (FindLiveObjects: 0.267600 ms CreateObjectMapping: 0.068600 ms MarkObjects: 1.527500 ms  DeleteObjects: 1.524000 ms)

========================================================================
Received Import Request.
  Time since last request: 933.109007 seconds.
  path: Assets/Scripts/PlayerNameInputField.cs
  artifactKey: Guid(d0ce7c65beb9c134a97794cb7ea85ddd) Importer(815301076,1909f56bfc062723c751e8b465ee728b)
Start importing Assets/Scripts/PlayerNameInputField.cs using Guid(d0ce7c65beb9c134a97794cb7ea85ddd) Importer(815301076,1909f56bfc062723c751e8b465ee728b)  -> (artifact id: 'ea7e2d9a4da978f9eae9dddf37886b3c') in 0.007163 seconds
  Import took 0.011329 seconds .

========================================================================
Received Prepare
Registering precompiled user dll's ...
Registered in 0.002188 seconds.
Begin MonoManager ReloadAssembly
Native extension for WindowsStandalone target not found
Refreshing native plugins compatible for Editor in 0.47 ms, found 0 plugins.
Preloading 0 native plugins for Editor in 0.00 ms.
Invoked RoslynAnalysisRunner static constructor.
RoslynAnalysisRunner will not be running.
RoslynAnalysisRunner has terminated.
Mono: successfully reloaded assembly
- Completed reload, in  0.754 seconds
Platform modules already initialized, skipping
Shader 'Universal Render Pipeline/Particles/Lit': fallback shader 'Universal Render Pipeline/Particles/SimpleLit' not found
Shader 'Universal Render Pipeline/Particles/Lit': fallback shader 'Universal Render Pipeline/Particles/SimpleLit' not found
Refreshing native plugins compatible for Editor in 0.43 ms, found 0 plugins.
Preloading 0 native plugins for Editor in 0.00 ms.
Unloading 2582 Unused Serialized files (Serialized files now loaded: 0)
System memory in use before: 119.4 MB.
System memory in use after: 116.1 MB.

Unloading 58 unused Assets to reduce memory usage. Loaded Objects now: 3108.
Total: 3.319700 ms (FindLiveObjects: 0.244000 ms CreateObjectMapping: 0.067400 ms MarkObjects: 1.522200 ms  DeleteObjects: 1.485400 ms)

========================================================================
Received Prepare
Registering precompiled user dll's ...
Registered in 0.001683 seconds.
Begin MonoManager ReloadAssembly
Native extension for WindowsStandalone target not found
Refreshing native plugins compatible for Editor in 0.47 ms, found 0 plugins.
Preloading 0 native plugins for Editor in 0.00 ms.
Invoked RoslynAnalysisRunner static constructor.
RoslynAnalysisRunner will not be running.
RoslynAnalysisRunner has terminated.
Mono: successfully reloaded assembly
- Completed reload, in  0.705 seconds
Platform modules already initialized, skipping
Shader 'Universal Render Pipeline/Particles/Lit': fallback shader 'Universal Render Pipeline/Particles/SimpleLit' not found
Shader 'Universal Render Pipeline/Particles/Lit': fallback shader 'Universal Render Pipeline/Particles/SimpleLit' not found
Refreshing native plugins compatible for Editor in 0.57 ms, found 0 plugins.
Preloading 0 native plugins for Editor in 0.00 ms.
Unloading 2582 Unused Serialized files (Serialized files now loaded: 0)
System memory in use before: 119.5 MB.
System memory in use after: 116.1 MB.

Unloading 58 unused Assets to reduce memory usage. Loaded Objects now: 3112.
Total: 3.562600 ms (FindLiveObjects: 0.278400 ms CreateObjectMapping: 0.065500 ms MarkObjects: 1.663100 ms  DeleteObjects: 1.554900 ms)

========================================================================
Received Prepare
Registering precompiled user dll's ...
Registered in 0.001746 seconds.
Begin MonoManager ReloadAssembly
Native extension for WindowsStandalone target not found
Refreshing native plugins compatible for Editor in 0.47 ms, found 0 plugins.
Preloading 0 native plugins for Editor in 0.00 ms.
Invoked RoslynAnalysisRunner static constructor.
RoslynAnalysisRunner will not be running.
RoslynAnalysisRunner has terminated.
Mono: successfully reloaded assembly
- Completed reload, in  0.730 seconds
Platform modules already initialized, skipping
Shader 'Universal Render Pipeline/Particles/Lit': fallback shader 'Universal Render Pipeline/Particles/SimpleLit' not found
Shader 'Universal Render Pipeline/Particles/Lit': fallback shader 'Universal Render Pipeline/Particles/SimpleLit' not found
Refreshing native plugins compatible for Editor in 0.47 ms, found 0 plugins.
Preloading 0 native plugins for Editor in 0.00 ms.
Unloading 2582 Unused Serialized files (Serialized files now loaded: 0)
System memory in use before: 119.5 MB.
System memory in use after: 116.1 MB.

Unloading 58 unused Assets to reduce memory usage. Loaded Objects now: 3116.
Total: 3.297100 ms (FindLiveObjects: 0.242000 ms CreateObjectMapping: 0.065400 ms MarkObjects: 1.489700 ms  DeleteObjects: 1.499200 ms)

========================================================================
Received Prepare
Registering precompiled user dll's ...
Registered in 0.001892 seconds.
Begin MonoManager ReloadAssembly
Native extension for WindowsStandalone target not found
Refreshing native plugins compatible for Editor in 0.45 ms, found 0 plugins.
Preloading 0 native plugins for Editor in 0.00 ms.
Invoked RoslynAnalysisRunner static constructor.
RoslynAnalysisRunner will not be running.
RoslynAnalysisRunner has terminated.
Mono: successfully reloaded assembly
- Completed reload, in  0.724 seconds
Platform modules already initialized, skipping
Shader 'Universal Render Pipeline/Particles/Lit': fallback shader 'Universal Render Pipeline/Particles/SimpleLit' not found
Shader 'Universal Render Pipeline/Particles/Lit': fallback shader 'Universal Render Pipeline/Particles/SimpleLit' not found
Refreshing native plugins compatible for Editor in 0.46 ms, found 0 plugins.
Preloading 0 native plugins for Editor in 0.00 ms.
Unloading 2582 Unused Serialized files (Serialized files now loaded: 0)
System memory in use before: 119.5 MB.
System memory in use after: 116.1 MB.

Unloading 58 unused Assets to reduce memory usage. Loaded Objects now: 3120.
Total: 3.301500 ms (FindLiveObjects: 0.255800 ms CreateObjectMapping: 0.065900 ms MarkObjects: 1.449000 ms  DeleteObjects: 1.530200 ms)

========================================================================
Received Import Request.
  Time since last request: 3740.809256 seconds.
  path: Assets/Scenes/Room for 1.unity
  artifactKey: Guid(c9378545965a6e94fa066af02946c909) Importer(815301076,1909f56bfc062723c751e8b465ee728b)
Start importing Assets/Scenes/Room for 1.unity using Guid(c9378545965a6e94fa066af02946c909) Importer(815301076,1909f56bfc062723c751e8b465ee728b)  -> (artifact id: 'f0f4979be45aa51da8fd0b650f10dda3') in 0.025749 seconds
  Import took 0.034037 seconds .

========================================================================
Received Import Request.
  Time since last request: 140.323496 seconds.
  path: Assets/Scripts/Game Manager.cs
  artifactKey: Guid(f64197031061d044cb258bc4fa9ba572) Importer(815301076,1909f56bfc062723c751e8b465ee728b)
Start importing Assets/Scripts/Game Manager.cs using Guid(f64197031061d044cb258bc4fa9ba572) Importer(815301076,1909f56bfc062723c751e8b465ee728b)  -> (artifact id: '39a3cffc1ab915f92dacadf15bb0e3fb') in 0.005467 seconds
  Import took 0.009576 seconds .

========================================================================
Received Prepare
Registering precompiled user dll's ...
Registered in 0.001865 seconds.
Begin MonoManager ReloadAssembly
Native extension for WindowsStandalone target not found
Refreshing native plugins compatible for Editor in 0.45 ms, found 0 plugins.
Preloading 0 native plugins for Editor in 0.00 ms.
Invoked RoslynAnalysisRunner static constructor.
RoslynAnalysisRunner will not be running.
RoslynAnalysisRunner has terminated.
Mono: successfully reloaded assembly
- Completed reload, in  0.737 seconds
Platform modules already initialized, skipping
Shader 'Universal Render Pipeline/Particles/Lit': fallback shader 'Universal Render Pipeline/Particles/SimpleLit' not found
Shader 'Universal Render Pipeline/Particles/Lit': fallback shader 'Universal Render Pipeline/Particles/SimpleLit' not found
Refreshing native plugins compatible for Editor in 0.46 ms, found 0 plugins.
Preloading 0 native plugins for Editor in 0.00 ms.
Unloading 2583 Unused Serialized files (Serialized files now loaded: 0)
System memory in use before: 119.5 MB.
System memory in use after: 116.2 MB.

Unloading 58 unused Assets to reduce memory usage. Loaded Objects now: 3125.
Total: 3.354900 ms (FindLiveObjects: 0.304100 ms CreateObjectMapping: 0.066600 ms MarkObjects: 1.517500 ms  DeleteObjects: 1.465600 ms)

========================================================================
Received Import Request.
  Time since last request: 9.673459 seconds.
  path: Assets/Scripts/GameManager.cs
  artifactKey: Guid(f64197031061d044cb258bc4fa9ba572) Importer(815301076,1909f56bfc062723c751e8b465ee728b)
Start importing Assets/Scripts/GameManager.cs using Guid(f64197031061d044cb258bc4fa9ba572) Importer(815301076,1909f56bfc062723c751e8b465ee728b)  -> (artifact id: 'c7ceaf237a81be6c6b8804f570eac894') in 0.009648 seconds
  Import took 0.013575 seconds .

========================================================================
Received Prepare
Registering precompiled user dll's ...
Registered in 0.001705 seconds.
Begin MonoManager ReloadAssembly
Native extension for WindowsStandalone target not found
Refreshing native plugins compatible for Editor in 0.46 ms, found 0 plugins.
Preloading 0 native plugins for Editor in 0.00 ms.
Invoked RoslynAnalysisRunner static constructor.
RoslynAnalysisRunner will not be running.
RoslynAnalysisRunner has terminated.
Mono: successfully reloaded assembly
- Completed reload, in  0.745 seconds
Platform modules already initialized, skipping
Shader 'Universal Render Pipeline/Particles/Lit': fallback shader 'Universal Render Pipeline/Particles/SimpleLit' not found
Shader 'Universal Render Pipeline/Particles/Lit': fallback shader 'Universal Render Pipeline/Particles/SimpleLit' not found
Refreshing native plugins compatible for Editor in 0.45 ms, found 0 plugins.
Preloading 0 native plugins for Editor in 0.00 ms.
Unloading 2583 Unused Serialized files (Serialized files now loaded: 0)
System memory in use before: 119.6 MB.
System memory in use after: 116.2 MB.

Unloading 58 unused Assets to reduce memory usage. Loaded Objects now: 3129.
Total: 3.355000 ms (FindLiveObjects: 0.279400 ms CreateObjectMapping: 0.072500 ms MarkObjects: 1.470000 ms  DeleteObjects: 1.531800 ms)

========================================================================
Received Import Request.
  Time since last request: 32.193926 seconds.
  path: Assets
  artifactKey: Guid(00000000000000001000000000000000) Importer(815301076,1909f56bfc062723c751e8b465ee728b)
Start importing Assets using Guid(00000000000000001000000000000000) Importer(815301076,1909f56bfc062723c751e8b465ee728b)  -> (artifact id: 'b2e0e235c0f4af3754229b664788db90') in 0.007885 seconds
  Import took 0.012042 seconds .

========================================================================
Received Import Request.
  Time since last request: 3.809724 seconds.
  path: Assets/Prefabs
  artifactKey: Guid(a331d05dd2faaf44291f560279a331f3) Importer(815301076,1909f56bfc062723c751e8b465ee728b)
Start importing Assets/Prefabs using Guid(a331d05dd2faaf44291f560279a331f3) Importer(815301076,1909f56bfc062723c751e8b465ee728b)  -> (artifact id: '33b8e6daed6e76b72e9400ad422f2328') in 0.004968 seconds
  Import took 0.009214 seconds .

========================================================================
Received Import Request.
  Time since last request: 3.565327 seconds.
  path: Assets/Prefabs/GameManager.prefab
  artifactKey: Guid(6ff46ac68ec655a48840ee6820eee821) Importer(815301076,1909f56bfc062723c751e8b465ee728b)
Start importing Assets/Prefabs/GameManager.prefab using Guid(6ff46ac68ec655a48840ee6820eee821) Importer(815301076,1909f56bfc062723c751e8b465ee728b)  -> (artifact id: 'bf50215186e9c0a7a7c07503a0b4a38b') in 0.026628 seconds
  Import took 0.030375 seconds .

========================================================================
Received Prepare
Registering precompiled user dll's ...
Registered in 0.001702 seconds.
Begin MonoManager ReloadAssembly
Native extension for WindowsStandalone target not found
Refreshing native plugins compatible for Editor in 0.46 ms, found 0 plugins.
Preloading 0 native plugins for Editor in 0.00 ms.
Invoked RoslynAnalysisRunner static constructor.
RoslynAnalysisRunner will not be running.
RoslynAnalysisRunner has terminated.
Mono: successfully reloaded assembly
- Completed reload, in  0.720 seconds
Platform modules already initialized, skipping
Shader 'Universal Render Pipeline/Particles/Lit': fallback shader 'Universal Render Pipeline/Particles/SimpleLit' not found
Shader 'Universal Render Pipeline/Particles/Lit': fallback shader 'Universal Render Pipeline/Particles/SimpleLit' not found
Refreshing native plugins compatible for Editor in 0.46 ms, found 0 plugins.
Preloading 0 native plugins for Editor in 0.00 ms.
Unloading 2583 Unused Serialized files (Serialized files now loaded: 0)
System memory in use before: 119.5 MB.
System memory in use after: 116.2 MB.

Unloading 58 unused Assets to reduce memory usage. Loaded Objects now: 3133.
Total: 3.493100 ms (FindLiveObjects: 0.282000 ms CreateObjectMapping: 0.072100 ms MarkObjects: 1.665000 ms  DeleteObjects: 1.472600 ms)

========================================================================
Received Import Request.
  Time since last request: 587.470464 seconds.
  path: Assets/Prefabs/GameManager.prefab
  artifactKey: Guid(6ff46ac68ec655a48840ee6820eee821) Importer(815301076,1909f56bfc062723c751e8b465ee728b)
Start importing Assets/Prefabs/GameManager.prefab using Guid(6ff46ac68ec655a48840ee6820eee821) Importer(815301076,1909f56bfc062723c751e8b465ee728b)  -> (artifact id: '983ce078f17917a332348c8f1bd31b67') in 0.019022 seconds
  Import took 0.022661 seconds .

