Using pre-set license
Built from '2020.3/staging' branch; Version is '2020.3.3f1 (76626098c1c4) revision 7758432'; Using compiler version '192528614'; Build Type 'Release'
OS: 'Windows 10 Enterprise; OS build 18363.1500; Version 1909; 64bit' Language: 'en' Physical Memory: 16334 MB
BatchMode: 1, IsHumanControllingUs: 0, StartBugReporterOnCrash: 0, Is64bit: 1, IsPro: 0

 COMMAND LINE ARGUMENTS:
D:\UnityEditor\2020.3.3f1\Editor\Unity.exe
-adb2
-batchMode
-noUpm
-name
AssetImportWorker0
-projectPath
F:/Unity Projects/BarziePhotonAdventures
-logFile
Logs/AssetImportWorker0.log
-srvPort
53011
Successfully changed project path to: F:/Unity Projects/BarziePhotonAdventures
F:/Unity Projects/BarziePhotonAdventures
Using Asset Import Pipeline V2.
Refreshing native plugins compatible for Editor in 42.00 ms, found 0 plugins.
Preloading 0 native plugins for Editor in 0.00 ms.
Initialize engine version: 2020.3.3f1 (76626098c1c4)
[Subsystems] Discovering subsystems at path D:/UnityEditor/2020.3.3f1/Editor/Data/Resources/UnitySubsystems
[Subsystems] Discovering subsystems at path F:/Unity Projects/BarziePhotonAdventures/Assets
GfxDevice: creating device client; threaded=0
Direct3D:
    Version:  Direct3D 11.0 [level 11.1]
    Renderer: NVIDIA GeForce GTX 1060 6GB (ID=0x1c03)
    Vendor:   
    VRAM:     6052 MB
    Driver:   27.21.14.6611
Initialize mono
Mono path[0] = 'D:/UnityEditor/2020.3.3f1/Editor/Data/Managed'
Mono path[1] = 'D:/UnityEditor/2020.3.3f1/Editor/Data/MonoBleedingEdge/lib/mono/unityjit'
Mono config path = 'D:/UnityEditor/2020.3.3f1/Editor/Data/MonoBleedingEdge/etc'
Using monoOptions --debugger-agent=transport=dt_socket,embedding=1,server=y,suspend=n,address=127.0.0.1:56132
Begin MonoManager ReloadAssembly
Registering precompiled unity dll's ...
Register platform support module: D:/UnityEditor/2020.3.3f1/Editor/Data/PlaybackEngines/WindowsStandaloneSupport/UnityEditor.WindowsStandalone.Extensions.dll
Registered in 0.001127 seconds.
Native extension for WindowsStandalone target not found
Refreshing native plugins compatible for Editor in 44.10 ms, found 0 plugins.
Preloading 0 native plugins for Editor in 0.00 ms.
Invoked RoslynAnalysisRunner static constructor.
RoslynAnalysisRunner will not be running.
RoslynAnalysisRunner has terminated.
Mono: successfully reloaded assembly
- Completed reload, in  1.831 seconds
Platform modules already initialized, skipping
Registering precompiled user dll's ...
Registered in 0.001569 seconds.
Begin MonoManager ReloadAssembly
Native extension for WindowsStandalone target not found
Refreshing native plugins compatible for Editor in 44.91 ms, found 0 plugins.
Preloading 0 native plugins for Editor in 0.00 ms.
Invoked RoslynAnalysisRunner static constructor.
RoslynAnalysisRunner will not be running.
RoslynAnalysisRunner has terminated.
Mono: successfully reloaded assembly
- Completed reload, in  0.818 seconds
Platform modules already initialized, skipping
========================================================================
Worker process is ready to serve import requests
Shader 'Universal Render Pipeline/Particles/Lit': fallback shader 'Universal Render Pipeline/Particles/SimpleLit' not found
Shader 'Universal Render Pipeline/Particles/Lit': fallback shader 'Universal Render Pipeline/Particles/SimpleLit' not found
Launched and connected shader compiler UnityShaderCompiler.exe after 0.07 seconds
Refreshing native plugins compatible for Editor in 0.73 ms, found 0 plugins.
Preloading 0 native plugins for Editor in 0.00 ms.
Unloading 2659 Unused Serialized files (Serialized files now loaded: 0)
System memory in use before: 123.3 MB.
System memory in use after: 120.5 MB.

Unloading 51 unused Assets to reduce memory usage. Loaded Objects now: 3063.
Total: 2.926400 ms (FindLiveObjects: 0.271800 ms CreateObjectMapping: 0.071100 ms MarkObjects: 1.502000 ms  DeleteObjects: 1.080200 ms)

========================================================================
Received Import Request.
  path: Assets/Prefabs/LeaveRoom.prefab
  artifactKey: Guid(6f18e03859b58b24a88d1b34c42e2ca9) Importer(815301076,1909f56bfc062723c751e8b465ee728b)
Start importing Assets/Prefabs/LeaveRoom.prefab using Guid(6f18e03859b58b24a88d1b34c42e2ca9) Importer(815301076,1909f56bfc062723c751e8b465ee728b)  -> (artifact id: '63009e254da132c21fee0ce7c91f4420') in 0.057907 seconds
  Import took 0.061950 seconds .

========================================================================
Received Import Request.
  Time since last request: 13.115597 seconds.
  path: Assets/Scenes/Room for 1.unity
  artifactKey: Guid(c9378545965a6e94fa066af02946c909) Importer(815301076,1909f56bfc062723c751e8b465ee728b)
Start importing Assets/Scenes/Room for 1.unity using Guid(c9378545965a6e94fa066af02946c909) Importer(815301076,1909f56bfc062723c751e8b465ee728b)  -> (artifact id: '5d3681a83433ba996d6a4999c216fcf0') in 0.005347 seconds
  Import took 0.009489 seconds .

========================================================================
Received Import Request.
  Time since last request: 0.002917 seconds.
  path: Assets/Scenes/Room for 1.unity
  artifactKey: Guid(c9378545965a6e94fa066af02946c909) Importer(815301076,1909f56bfc062723c751e8b465ee728b)
Start importing Assets/Scenes/Room for 1.unity using Guid(c9378545965a6e94fa066af02946c909) Importer(815301076,1909f56bfc062723c751e8b465ee728b)  -> (artifact id: '5d3681a83433ba996d6a4999c216fcf0') in 0.001648 seconds
  Import took 0.005017 seconds .

========================================================================
Received Import Request.
  Time since last request: 0.779736 seconds.
  path: Assets/Scenes/Room for 2.unity
  artifactKey: Guid(fcd604c5835984b4083d3e2f9b2dc7fe) Importer(815301076,1909f56bfc062723c751e8b465ee728b)
Start importing Assets/Scenes/Room for 2.unity using Guid(fcd604c5835984b4083d3e2f9b2dc7fe) Importer(815301076,1909f56bfc062723c751e8b465ee728b)  -> (artifact id: '5c541c16a759e4ae72309f04bb71522d') in 0.005646 seconds
  Import took 0.009430 seconds .

========================================================================
Received Import Request.
  Time since last request: 1.683323 seconds.
  path: Assets/Scenes/Room for 3.unity
  artifactKey: Guid(0f3f5e6afa855ba4ebdcde3a4001b67b) Importer(815301076,1909f56bfc062723c751e8b465ee728b)
Start importing Assets/Scenes/Room for 3.unity using Guid(0f3f5e6afa855ba4ebdcde3a4001b67b) Importer(815301076,1909f56bfc062723c751e8b465ee728b)  -> (artifact id: '5fce093c8e2067e2c30113721acd5de5') in 0.005559 seconds
  Import took 0.009919 seconds .

========================================================================
Received Import Request.
  Time since last request: 5.096850 seconds.
  path: Assets/Scenes/Room for 4.unity
  artifactKey: Guid(827cdfe68d665424ea548230ea3f2c36) Importer(815301076,1909f56bfc062723c751e8b465ee728b)
Start importing Assets/Scenes/Room for 4.unity using Guid(827cdfe68d665424ea548230ea3f2c36) Importer(815301076,1909f56bfc062723c751e8b465ee728b)  -> (artifact id: 'dc004db63b37a53aff6362feb607fdd1') in 0.005360 seconds
  Import took 0.009369 seconds .

========================================================================
Received Import Request.
  Time since last request: 60.711068 seconds.
  path: Assets/Scenes/Room for 2.unity
  artifactKey: Guid(fcd604c5835984b4083d3e2f9b2dc7fe) Importer(815301076,1909f56bfc062723c751e8b465ee728b)
Start importing Assets/Scenes/Room for 2.unity using Guid(fcd604c5835984b4083d3e2f9b2dc7fe) Importer(815301076,1909f56bfc062723c751e8b465ee728b)  -> (artifact id: '48667c97d16ceb9f9f4204bb70f1767c') in 0.001666 seconds
  Import took 0.006601 seconds .

========================================================================
Received Import Request.
  Time since last request: 105.014746 seconds.
  path: Assets/Scenes/Room for 3.unity
  artifactKey: Guid(0f3f5e6afa855ba4ebdcde3a4001b67b) Importer(815301076,1909f56bfc062723c751e8b465ee728b)
Start importing Assets/Scenes/Room for 3.unity using Guid(0f3f5e6afa855ba4ebdcde3a4001b67b) Importer(815301076,1909f56bfc062723c751e8b465ee728b)  -> (artifact id: '86441c1f2cbb548a7c3887d9fa9bdd07') in 0.005438 seconds
  Import took 0.009953 seconds .

========================================================================
Received Import Request.
  Time since last request: 30.044210 seconds.
  path: Assets/Scenes/Room for 4.unity
  artifactKey: Guid(827cdfe68d665424ea548230ea3f2c36) Importer(815301076,1909f56bfc062723c751e8b465ee728b)
Start importing Assets/Scenes/Room for 4.unity using Guid(827cdfe68d665424ea548230ea3f2c36) Importer(815301076,1909f56bfc062723c751e8b465ee728b)  -> (artifact id: 'b7fc514c37864a697b58fdeca2c466a3') in 0.002060 seconds
  Import took 0.006544 seconds .

========================================================================
Received Import Request.
  Time since last request: 41.277340 seconds.
  path: Assets/Scenes/Launcher.unity
  artifactKey: Guid(ca378c74bd1cffb47951aa391a95bc80) Importer(815301076,1909f56bfc062723c751e8b465ee728b)
Start importing Assets/Scenes/Launcher.unity using Guid(ca378c74bd1cffb47951aa391a95bc80) Importer(815301076,1909f56bfc062723c751e8b465ee728b)  -> (artifact id: '14c53bb5dcf64d207247c3070d43bab2') in 0.005216 seconds
  Import took 0.009463 seconds .

========================================================================
Received Import Request.
  Time since last request: 0.000257 seconds.
  path: Assets/Scenes/Launcher.unity
  artifactKey: Guid(ca378c74bd1cffb47951aa391a95bc80) Importer(815301076,1909f56bfc062723c751e8b465ee728b)
Start importing Assets/Scenes/Launcher.unity using Guid(ca378c74bd1cffb47951aa391a95bc80) Importer(815301076,1909f56bfc062723c751e8b465ee728b)  -> (artifact id: '14c53bb5dcf64d207247c3070d43bab2') in 0.001656 seconds
  Import took 0.005252 seconds .

========================================================================
Received Prepare
Registering precompiled user dll's ...
Registered in 0.001756 seconds.
Begin MonoManager ReloadAssembly
Native extension for WindowsStandalone target not found
Refreshing native plugins compatible for Editor in 0.45 ms, found 0 plugins.
Preloading 0 native plugins for Editor in 0.00 ms.
Invoked RoslynAnalysisRunner static constructor.
RoslynAnalysisRunner will not be running.
RoslynAnalysisRunner has terminated.
Mono: successfully reloaded assembly
- Completed reload, in  0.723 seconds
Platform modules already initialized, skipping
Shader 'Universal Render Pipeline/Particles/Lit': fallback shader 'Universal Render Pipeline/Particles/SimpleLit' not found
Shader 'Universal Render Pipeline/Particles/Lit': fallback shader 'Universal Render Pipeline/Particles/SimpleLit' not found
Refreshing native plugins compatible for Editor in 0.47 ms, found 0 plugins.
Preloading 0 native plugins for Editor in 0.00 ms.
Unloading 2570 Unused Serialized files (Serialized files now loaded: 0)
System memory in use before: 118.4 MB.
System memory in use after: 115.7 MB.

Unloading 46 unused Assets to reduce memory usage. Loaded Objects now: 3069.
Total: 3.168100 ms (FindLiveObjects: 0.274100 ms CreateObjectMapping: 0.064500 ms MarkObjects: 1.679900 ms  DeleteObjects: 1.148400 ms)

========================================================================
Received Prepare
Registering precompiled user dll's ...
Registered in 0.001716 seconds.
Begin MonoManager ReloadAssembly
Native extension for WindowsStandalone target not found
Refreshing native plugins compatible for Editor in 0.54 ms, found 0 plugins.
Preloading 0 native plugins for Editor in 0.00 ms.
Invoked RoslynAnalysisRunner static constructor.
RoslynAnalysisRunner will not be running.
RoslynAnalysisRunner has terminated.
Mono: successfully reloaded assembly
- Completed reload, in  0.749 seconds
Platform modules already initialized, skipping
Shader 'Universal Render Pipeline/Particles/Lit': fallback shader 'Universal Render Pipeline/Particles/SimpleLit' not found
Shader 'Universal Render Pipeline/Particles/Lit': fallback shader 'Universal Render Pipeline/Particles/SimpleLit' not found
Refreshing native plugins compatible for Editor in 0.45 ms, found 0 plugins.
Preloading 0 native plugins for Editor in 0.00 ms.
Unloading 2570 Unused Serialized files (Serialized files now loaded: 0)
System memory in use before: 118.5 MB.
System memory in use after: 115.8 MB.

Unloading 45 unused Assets to reduce memory usage. Loaded Objects now: 3073.
Total: 3.173200 ms (FindLiveObjects: 0.301900 ms CreateObjectMapping: 0.067200 ms MarkObjects: 1.496700 ms  DeleteObjects: 1.306400 ms)

========================================================================
Received Prepare
Registering precompiled user dll's ...
Registered in 0.001903 seconds.
Begin MonoManager ReloadAssembly
Native extension for WindowsStandalone target not found
Refreshing native plugins compatible for Editor in 0.49 ms, found 0 plugins.
Preloading 0 native plugins for Editor in 0.00 ms.
Invoked RoslynAnalysisRunner static constructor.
RoslynAnalysisRunner will not be running.
RoslynAnalysisRunner has terminated.
Mono: successfully reloaded assembly
- Completed reload, in  0.790 seconds
Platform modules already initialized, skipping
Shader 'Universal Render Pipeline/Particles/Lit': fallback shader 'Universal Render Pipeline/Particles/SimpleLit' not found
Shader 'Universal Render Pipeline/Particles/Lit': fallback shader 'Universal Render Pipeline/Particles/SimpleLit' not found
Refreshing native plugins compatible for Editor in 0.53 ms, found 0 plugins.
Preloading 0 native plugins for Editor in 0.00 ms.
Unloading 2570 Unused Serialized files (Serialized files now loaded: 0)
System memory in use before: 118.6 MB.
System memory in use after: 115.8 MB.

Unloading 45 unused Assets to reduce memory usage. Loaded Objects now: 3077.
Total: 3.760800 ms (FindLiveObjects: 0.367600 ms CreateObjectMapping: 0.111400 ms MarkObjects: 1.876300 ms  DeleteObjects: 1.404000 ms)

========================================================================
Received Prepare
Registering precompiled user dll's ...
Registered in 0.001735 seconds.
Begin MonoManager ReloadAssembly
Native extension for WindowsStandalone target not found
Refreshing native plugins compatible for Editor in 0.45 ms, found 0 plugins.
Preloading 0 native plugins for Editor in 0.00 ms.
Invoked RoslynAnalysisRunner static constructor.
RoslynAnalysisRunner will not be running.
RoslynAnalysisRunner has terminated.
Mono: successfully reloaded assembly
- Completed reload, in  0.725 seconds
Platform modules already initialized, skipping
Shader 'Universal Render Pipeline/Particles/Lit': fallback shader 'Universal Render Pipeline/Particles/SimpleLit' not found
Shader 'Universal Render Pipeline/Particles/Lit': fallback shader 'Universal Render Pipeline/Particles/SimpleLit' not found
Refreshing native plugins compatible for Editor in 0.44 ms, found 0 plugins.
Preloading 0 native plugins for Editor in 0.00 ms.
Unloading 2570 Unused Serialized files (Serialized files now loaded: 0)
System memory in use before: 118.6 MB.
System memory in use after: 115.9 MB.

Unloading 45 unused Assets to reduce memory usage. Loaded Objects now: 3081.
Total: 3.083400 ms (FindLiveObjects: 0.256200 ms CreateObjectMapping: 0.064200 ms MarkObjects: 1.460900 ms  DeleteObjects: 1.300800 ms)

AssetImportWorkerClient::OnTransportError - code=2 error=End of file
